<?xml version="1.0" encoding="UTF-8"?>
<!-- Generated by org.testng.reporters.JUnitXMLReporter -->
<testsuite ignored="0" hostname="BumbleBee" failures="0" tests="3" name="submitOrderTest" time="24.289" errors="0" timestamp="2022-09-21T19:21:00 IST">
  <testcase classname="rudraAcademy.submitOrder" name="submitorder" time="3.929"/>
  <testcase classname="rudraAcademy.submitOrder" name="submitorder" time="3.928"/>
  <testcase classname="rudraAcademy.submitOrder" name="orderHistory" time="0.799"/>
</testsuite> <!-- submitOrderTest -->
