<?xml version="1.0" encoding="UTF-8"?>
<!-- Generated by org.testng.reporters.JUnitXMLReporter -->
<testsuite ignored="0" hostname="BumbleBee" failures="0" tests="3" name="submitOrderTest" time="50.384" errors="0" timestamp="2022-09-22T10:57:15 IST">
  <testcase classname="rudraAcademy.submitOrder" name="submitorder" time="5.686"/>
  <testcase classname="rudraAcademy.submitOrder" name="submitorder" time="10.649"/>
  <testcase classname="rudraAcademy.submitOrder" name="orderHistory" time="3.921"/>
</testsuite> <!-- submitOrderTest -->
