<?xml version="1.0" encoding="UTF-8"?>
<testng-results ignored="0" total="5" passed="5" failed="0" skipped="0">
  <reporter-output>
  </reporter-output>
  <suite started-at="2022-09-22T10:56:24 IST" name="Suite" finished-at="2022-09-22T10:57:15 IST" duration-ms="50384">
    <groups>
      <group name="ErrorHandling">
        <method signature="errorValidation.loginPageValidation()[pri:0, instance:rudraAcademy.errorValidation@1fa1cab1]" name="loginPageValidation" class="rudraAcademy.errorValidation"/>
      </group> <!-- ErrorHandling -->
      <group name="purchaseOrder">
        <method signature="submitOrder.submitorder(java.util.HashMap)[pri:0, instance:rudraAcademy.submitOrder@6bc407fd]" name="submitorder" class="rudraAcademy.submitOrder"/>
      </group> <!-- purchaseOrder -->
    </groups>
    <test started-at="2022-09-22T10:56:24 IST" name="Error Validation" finished-at="2022-09-22T10:56:53 IST" duration-ms="28513">
      <class name="rudraAcademy.errorValidation">
        <test-method is-config="true" signature="lunchApplication()[pri:0, instance:rudraAcademy.errorValidation@1fa1cab1]" started-at="2022-09-22T10:56:24 IST" name="lunchApplication" finished-at="2022-09-22T10:56:37 IST" duration-ms="12524" status="PASS">
          <reporter-output>
          </reporter-output>
        </test-method> <!-- lunchApplication -->
        <test-method signature="loginPageValidation()[pri:0, instance:rudraAcademy.errorValidation@1fa1cab1]" started-at="2022-09-22T10:56:37 IST" name="loginPageValidation" finished-at="2022-09-22T10:56:37 IST" duration-ms="474" status="PASS">
          <reporter-output>
          </reporter-output>
        </test-method> <!-- loginPageValidation -->
        <test-method is-config="true" signature="tearDown()[pri:0, instance:rudraAcademy.errorValidation@1fa1cab1]" started-at="2022-09-22T10:56:37 IST" name="tearDown" finished-at="2022-09-22T10:56:37 IST" duration-ms="70" status="PASS">
          <reporter-output>
          </reporter-output>
        </test-method> <!-- tearDown -->
        <test-method is-config="true" signature="lunchApplication()[pri:0, instance:rudraAcademy.errorValidation@1fa1cab1]" started-at="2022-09-22T10:56:37 IST" name="lunchApplication" finished-at="2022-09-22T10:56:45 IST" duration-ms="7434" status="PASS">
          <reporter-output>
          </reporter-output>
        </test-method> <!-- lunchApplication -->
        <test-method signature="prodctValidation()[pri:0, instance:rudraAcademy.errorValidation@1fa1cab1]" started-at="2022-09-22T10:56:45 IST" name="prodctValidation" finished-at="2022-09-22T10:56:53 IST" duration-ms="7897" status="PASS">
          <reporter-output>
          </reporter-output>
        </test-method> <!-- prodctValidation -->
        <test-method is-config="true" signature="tearDown()[pri:0, instance:rudraAcademy.errorValidation@1fa1cab1]" started-at="2022-09-22T10:56:53 IST" name="tearDown" finished-at="2022-09-22T10:56:53 IST" duration-ms="58" status="PASS">
          <reporter-output>
          </reporter-output>
        </test-method> <!-- tearDown -->
      </class> <!-- rudraAcademy.errorValidation -->
    </test> <!-- Error Validation -->
    <test started-at="2022-09-22T10:56:24 IST" name="submitOrderTest" finished-at="2022-09-22T10:57:15 IST" duration-ms="50384">
      <class name="rudraAcademy.submitOrder">
        <test-method is-config="true" signature="lunchApplication()[pri:0, instance:rudraAcademy.submitOrder@6bc407fd]" started-at="2022-09-22T10:56:25 IST" name="lunchApplication" finished-at="2022-09-22T10:56:37 IST" duration-ms="12382" status="PASS">
          <reporter-output>
          </reporter-output>
        </test-method> <!-- lunchApplication -->
        <test-method signature="submitorder(java.util.HashMap)[pri:0, instance:rudraAcademy.submitOrder@6bc407fd]" started-at="2022-09-22T10:56:37 IST" name="submitorder" data-provider="getData" finished-at="2022-09-22T10:56:43 IST" duration-ms="5686" status="PASS">
          <params>
            <param index="0">
              <value>
                <![CDATA[{password=Rudra123*, email=rudraprasad482@gmail.com, productName=ADIDAS ORIGINAL}]]>
              </value>
            </param>
          </params>
          <reporter-output>
          </reporter-output>
        </test-method> <!-- submitorder -->
        <test-method is-config="true" signature="tearDown()[pri:0, instance:rudraAcademy.submitOrder@6bc407fd]" started-at="2022-09-22T10:56:43 IST" name="tearDown" finished-at="2022-09-22T10:56:43 IST" duration-ms="70" status="PASS">
          <reporter-output>
          </reporter-output>
        </test-method> <!-- tearDown -->
        <test-method is-config="true" signature="lunchApplication()[pri:0, instance:rudraAcademy.submitOrder@6bc407fd]" started-at="2022-09-22T10:56:43 IST" name="lunchApplication" finished-at="2022-09-22T10:56:53 IST" duration-ms="10062" status="PASS">
          <reporter-output>
          </reporter-output>
        </test-method> <!-- lunchApplication -->
        <test-method signature="submitorder(java.util.HashMap)[pri:0, instance:rudraAcademy.submitOrder@6bc407fd]" started-at="2022-09-22T10:56:53 IST" name="submitorder" data-provider="getData" finished-at="2022-09-22T10:57:04 IST" duration-ms="10649" status="PASS">
          <params>
            <param index="0">
              <value>
                <![CDATA[{password=Abc@1234, email=rudra@abc.com, productName=ZARA COAT 3}]]>
              </value>
            </param>
          </params>
          <reporter-output>
          </reporter-output>
        </test-method> <!-- submitorder -->
        <test-method is-config="true" signature="tearDown()[pri:0, instance:rudraAcademy.submitOrder@6bc407fd]" started-at="2022-09-22T10:57:04 IST" name="tearDown" finished-at="2022-09-22T10:57:04 IST" duration-ms="140" status="PASS">
          <reporter-output>
          </reporter-output>
        </test-method> <!-- tearDown -->
        <test-method is-config="true" signature="lunchApplication()[pri:0, instance:rudraAcademy.submitOrder@6bc407fd]" started-at="2022-09-22T10:57:04 IST" name="lunchApplication" finished-at="2022-09-22T10:57:11 IST" duration-ms="7048" status="PASS">
          <reporter-output>
          </reporter-output>
        </test-method> <!-- lunchApplication -->
        <test-method signature="orderHistory()[pri:0, instance:rudraAcademy.submitOrder@6bc407fd]" started-at="2022-09-22T10:57:11 IST" name="orderHistory" finished-at="2022-09-22T10:57:15 IST" depends-on-methods="rudraAcademy.submitOrder.submitorder" duration-ms="3921" status="PASS">
          <reporter-output>
          </reporter-output>
        </test-method> <!-- orderHistory -->
        <test-method is-config="true" signature="tearDown()[pri:0, instance:rudraAcademy.submitOrder@6bc407fd]" started-at="2022-09-22T10:57:15 IST" name="tearDown" finished-at="2022-09-22T10:57:15 IST" duration-ms="106" status="PASS">
          <reporter-output>
          </reporter-output>
        </test-method> <!-- tearDown -->
      </class> <!-- rudraAcademy.submitOrder -->
    </test> <!-- submitOrderTest -->
  </suite> <!-- Suite -->
</testng-results>
